<?xml version="1.0" encoding="UTF-8"?>
<!-- Generated by org.testng.reporters.JUnitReportReporter -->
<testsuite hostname="DELL" failures="0" tests="3" name="test_ng_data_provider.testclass" time="0.056" errors="0" timestamp="2023-01-18T22:01:50 IST" skipped="0">
  <testcase classname="test_ng_data_provider.testclass" name="login" time="0.007"/>
  <system-out/>
  <testcase classname="test_ng_data_provider.testclass" name="login" time="0.004"/>
  <system-out/>
  <testcase classname="test_ng_data_provider.testclass" name="login" time="0.045"/>
  <system-out/>
</testsuite> <!-- test_ng_data_provider.testclass -->
