<?xml version="1.0" encoding="UTF-8"?>
<!-- Generated by org.testng.reporters.JUnitReportReporter -->
<testsuite hostname="DELL" failures="0" tests="2" name="testNG.groups2" time="0.079" errors="0" timestamp="2022-12-12T22:32:54 IST" skipped="0">
  <testcase classname="testNG.groups2" name="TC2" time="0.014"/>
  <system-out>
    <![CDATA[vasant]]>
  </system-out>
  <testcase classname="testNG.groups2" name="TC1" time="0.065"/>
  <system-out>
    <![CDATA[harshad]]>
  </system-out>
</testsuite> <!-- testNG.groups2 -->
