<?xml version="1.0" encoding="UTF-8"?>
<!-- Generated by org.testng.reporters.JUnitReportReporter -->
<testsuite hostname="DELL" failures="0" tests="5" name="testNG.enabled" time="0.064" errors="0" timestamp="2022-11-09T20:34:57 IST" skipped="2">
  <testcase classname="testNG.enabled" name="TC4" time="0.008"/>
  <system-out>
    <![CDATA[running of TC4]]>
  </system-out>
  <testcase classname="testNG.enabled" name="TC0" time="0.050"/>
  <system-out>
    <![CDATA[running TC0]]>
  </system-out>
  <testcase classname="testNG.enabled" name="TC1" time="0.006"/>
  <system-out>
    <![CDATA[running of TC1]]>
  </system-out>
  <testcase classname="testNG.enabled" name="TC3">
    <skipped/>
  </testcase> <!-- TC3 -->
  <system-out/>
  <testcase classname="testNG.enabled" name="TC2">
    <skipped/>
  </testcase> <!-- TC2 -->
  <system-out/>
</testsuite> <!-- testNG.enabled -->
