<?xml version="1.0" encoding="UTF-8"?>
<!-- Generated by org.testng.reporters.JUnitReportReporter -->
<testsuite hostname="DELL" failures="0" tests="5" name="testNG.keywordsng" time="0.096" errors="0" timestamp="2022-11-09T20:31:24 IST" skipped="0">
  <testcase classname="testNG.keywordsng" name="TC4" time="0.057"/>
  <system-out>
    <![CDATA[running of TC4]]>
  </system-out>
  <testcase classname="testNG.keywordsng" name="TC2" time="0.008"/>
  <system-out>
    <![CDATA[running of TC2]]>
  </system-out>
  <testcase classname="testNG.keywordsng" name="TC3" time="0.014"/>
  <system-out>
    <![CDATA[running of TC3]]>
  </system-out>
  <testcase classname="testNG.keywordsng" name="TC1" time="0.007"/>
  <system-out>
    <![CDATA[running of TC1]]>
  </system-out>
  <testcase classname="testNG.keywordsng" name="TC0" time="0.010"/>
  <system-out>
    <![CDATA[running TC0]]>
  </system-out>
</testsuite> <!-- testNG.keywordsng -->
