<?xml version="1.0" encoding="UTF-8"?>
<!-- Generated by org.testng.reporters.JUnitReportReporter -->
<testsuite hostname="DELL" failures="0" tests="1" name="testNG.groups" time="0.061" errors="0" timestamp="2022-12-12T22:22:29 IST" skipped="0">
  <testcase classname="testNG.groups" name="TC1" time="0.061"/>
  <system-out>
    <![CDATA[harshad]]>
  </system-out>
</testsuite> <!-- testNG.groups -->
