<?xml version="1.0" encoding="UTF-8"?>
<!-- Generated by org.testng.reporters.JUnitReportReporter -->
<testsuite hostname="DELL" failures="0" tests="2" name="testNG.dependsonmethod" time="0.048" errors="0" timestamp="2022-11-10T13:42:36 IST" skipped="0">
  <testcase classname="testNG.dependsonmethod" name="LOGIN_TO_APP" time="0.042"/>
  <system-out>
    <![CDATA[LOGINg TO APP]]>
  </system-out>
  <testcase classname="testNG.dependsonmethod" name="LOGOUT" time="0.006"/>
  <system-out>
    <![CDATA[logut done]]>
  </system-out>
</testsuite> <!-- testNG.dependsonmethod -->
