<?xml version="1.0" encoding="UTF-8"?>
<!-- Generated by org.testng.reporters.JUnitReportReporter -->
<testsuite hostname="DELL" failures="0" tests="1" name="practice.fb" time="34.838" errors="0" timestamp="2023-01-25T21:48:25 IST" skipped="0">
  <testcase classname="practice.fb" name="fbb" time="34.838"/>
  <system-out/>
</testsuite> <!-- practice.fb -->
