<?xml version="1.0" encoding="UTF-8"?>
<!-- Generated by org.testng.reporters.JUnitReportReporter -->
<testsuite hostname="DELL" failures="0" tests="1" name="test_ng_project.test_ng_test_class" time="29.791" errors="0" timestamp="2022-11-13T23:15:38 IST" skipped="0">
  <testcase classname="test_ng_project.test_ng_test_class" name="VERIFY_UID" time="29.791"/>
  <system-out/>
</testsuite> <!-- test_ng_project.test_ng_test_class -->
