<?xml version="1.0" encoding="UTF-8"?>
<!-- Generated by org.testng.reporters.JUnitReportReporter -->
<testsuite hostname="DELL" failures="0" tests="2" name="test_ng_compatibilitytesting.egcompatibilty" time="63.274" errors="0" timestamp="2022-11-11T11:17:26 IST" skipped="0">
  <testcase classname="test_ng_compatibilitytesting.egcompatibilty" name="TC1" time="20.258"/>
  <system-out/>
  <testcase classname="test_ng_compatibilitytesting.egcompatibilty" name="TC1" time="43.016"/>
  <system-out/>
</testsuite> <!-- test_ng_compatibilitytesting.egcompatibilty -->
