<?xml version="1.0" encoding="UTF-8"?>
<!-- Generated by org.testng.reporters.JUnitReportReporter -->
<testsuite hostname="DELL" failures="0" tests="1" name="test_ng_paralleltesting.pl1" time="10.516" errors="0" timestamp="2022-12-13T11:55:57 IST" skipped="0">
  <testcase classname="test_ng_paralleltesting.pl1" name="e1" time="10.516"/>
  <system-out/>
</testsuite> <!-- test_ng_paralleltesting.pl1 -->
