<?xml version="1.0" encoding="UTF-8"?>
<!-- Generated by org.testng.reporters.JUnitReportReporter -->
<testsuite hostname="DELL" failures="0" tests="5" name="testngprt.annotation1" time="0.116" errors="0" timestamp="2023-05-16T22:20:03 IST" skipped="0">
  <testcase classname="testngprt.annotation1" name="opnbroweser" time="0.095"/>
  <system-out>
    <![CDATA[opening browser]]>
  </system-out>
  <testcase classname="testngprt.annotation1" name="login1" time="0.010"/>
  <system-out>
    <![CDATA[login to app]]>
  </system-out>
  <testcase classname="testngprt.annotation1" name="verify_uids" time="0.004"/>
  <system-out>
    <![CDATA[verify id s]]>
  </system-out>
  <testcase classname="testngprt.annotation1" name="logout" time="0.004"/>
  <system-out>
    <![CDATA[logout to app]]>
  </system-out>
  <testcase classname="testngprt.annotation1" name="closebrs" time="0.003"/>
  <system-out>
    <![CDATA[close brsers]]>
  </system-out>
</testsuite> <!-- testngprt.annotation1 -->
