<?xml version="1.0" encoding="UTF-8"?>
<!-- Generated by org.testng.reporters.JUnitReportReporter -->
<testsuite hostname="DELL" failures="0" tests="8" name="testNG.enabled_invocation" time="0.093" errors="0" timestamp="2022-11-09T20:37:05 IST" skipped="2">
  <testcase classname="testNG.enabled_invocation" name="TC4" time="0.007"/>
  <system-out>
    <![CDATA[running of TC4]]>
  </system-out>
  <testcase classname="testNG.enabled_invocation" name="TC0" time="0.007"/>
  <system-out>
    <![CDATA[running TC0]]>
  </system-out>
  <testcase classname="testNG.enabled_invocation" name="TC0" time="0.009"/>
  <system-out>
    <![CDATA[running TC0]]>
  </system-out>
  <testcase classname="testNG.enabled_invocation" name="TC0" time="0.050"/>
  <system-out>
    <![CDATA[running TC0]]>
  </system-out>
  <testcase classname="testNG.enabled_invocation" name="TC0" time="0.013"/>
  <system-out>
    <![CDATA[running TC0]]>
  </system-out>
  <testcase classname="testNG.enabled_invocation" name="TC1" time="0.007"/>
  <system-out>
    <![CDATA[running of TC1]]>
  </system-out>
  <testcase classname="testNG.enabled_invocation" name="TC2">
    <skipped/>
  </testcase> <!-- TC2 -->
  <system-out/>
  <testcase classname="testNG.enabled_invocation" name="TC3">
    <skipped/>
  </testcase> <!-- TC3 -->
  <system-out/>
</testsuite> <!-- testNG.enabled_invocation -->
