<?xml version="1.0" encoding="UTF-8"?>
<!-- Generated by org.testng.reporters.JUnitReportReporter -->
<testsuite hostname="DELL" failures="0" tests="1" name="test_ng_paralleltesting.eg1_parallel_testin1g22" time="19.474" errors="0" timestamp="2022-11-26T15:02:46 IST" skipped="0">
  <testcase classname="test_ng_paralleltesting.eg1_parallel_testin1g22" name="openupstox" time="19.474"/>
  <system-out/>
</testsuite> <!-- test_ng_paralleltesting.eg1_parallel_testin1g22 -->
