<?xml version="1.0" encoding="UTF-8"?>
<!-- Generated by org.testng.reporters.JUnitReportReporter -->
<testsuite hostname="DELL" failures="0" tests="1" name="test_ng_paralleltesting.eg2_paralleltesting33" time="25.960" errors="0" timestamp="2022-12-13T11:32:58 IST" skipped="0">
  <testcase classname="test_ng_paralleltesting.eg2_paralleltesting33" name="openzerodha" time="25.960"/>
  <system-out/>
</testsuite> <!-- test_ng_paralleltesting.eg2_paralleltesting33 -->
