<?xml version="1.0" encoding="UTF-8"?>
<!-- Generated by org.testng.reporters.JUnitReportReporter -->
<testsuite hostname="DELL" failures="0" tests="2" name="testngprt.a22" time="88.505" errors="0" timestamp="2023-05-16T22:58:18 IST" skipped="0">
  <testcase classname="testngprt.a22" name="hvr" time="32.086"/>
  <system-out/>
  <testcase classname="testngprt.a22" name="hvr" time="56.419"/>
  <system-out/>
</testsuite> <!-- testngprt.a22 -->
