<?xml version="1.0" encoding="UTF-8"?>
<!-- Generated by org.testng.reporters.JUnitReportReporter -->
<testsuite hostname="DELL" failures="0" tests="2" name="testNG.annotations" time="0.035" errors="0" timestamp="2022-11-09T18:48:39 IST" skipped="0">
  <testcase classname="testNG.annotations" name="VERIFY_ID1" time="0.023"/>
  <system-out>
    <![CDATA[verifying 1]]>
  </system-out>
  <testcase classname="testNG.annotations" name="VERIFY_ID2" time="0.012"/>
  <system-out>
    <![CDATA[verifying 2]]>
  </system-out>
</testsuite> <!-- testNG.annotations -->
