<?xml version="1.0" encoding="UTF-8"?>
<!-- Generated by org.testng.reporters.JUnitReportReporter -->
<testsuite hostname="DELL" failures="0" tests="1" name="test_ng_paralleltesting.eg1_parallel_testin1g1" time="71.171" errors="0" timestamp="2022-11-10T18:38:49 IST" skipped="0">
  <testcase classname="test_ng_paralleltesting.eg1_parallel_testin1g1" name="openupstox" time="71.171"/>
  <system-out/>
</testsuite> <!-- test_ng_paralleltesting.eg1_parallel_testin1g1 -->
