<?xml version="1.0" encoding="UTF-8"?>
<!-- Generated by org.testng.reporters.JUnitReportReporter -->
<testsuite hostname="DELL" failures="0" tests="2" name="test_ng_compatibilitytesting.egcompatibilty" time="81.753" errors="0" timestamp="2022-12-15T20:08:46 IST" skipped="0">
  <testcase classname="test_ng_compatibilitytesting.egcompatibilty" name="TC1" time="26.406"/>
  <system-out/>
  <testcase classname="test_ng_compatibilitytesting.egcompatibilty" name="TC1" time="55.347"/>
  <system-out/>
</testsuite> <!-- test_ng_compatibilitytesting.egcompatibilty -->
