<?xml version="1.0" encoding="UTF-8"?>
<!-- Generated by org.testng.reporters.JUnitReportReporter -->
<testsuite hostname="DELL" failures="0" tests="2" name="test_ng_compatibilitytesting.eg3_multibroweser" time="91.315" errors="0" timestamp="2022-12-15T21:24:04 IST" skipped="0">
  <testcase classname="test_ng_compatibilitytesting.eg3_multibroweser" name="TC0001" time="29.793"/>
  <system-out/>
  <testcase classname="test_ng_compatibilitytesting.eg3_multibroweser" name="TC0001" time="61.522"/>
  <system-out/>
</testsuite> <!-- test_ng_compatibilitytesting.eg3_multibroweser -->
