<?xml version="1.0" encoding="UTF-8"?>
<!-- Generated by org.testng.reporters.JUnitReportReporter -->
<testsuite hostname="DELL" failures="0" tests="1" name="test_ng_paralleltesting.pl2" time="8.720" errors="0" timestamp="2022-12-13T11:55:57 IST" skipped="0">
  <testcase classname="test_ng_paralleltesting.pl2" name="e2" time="8.720"/>
  <system-out/>
</testsuite> <!-- test_ng_paralleltesting.pl2 -->
