<?xml version="1.0" encoding="UTF-8"?>
<!-- Generated by org.testng.reporters.JUnitReportReporter -->
<testsuite hostname="DELL" failures="0" tests="3" name="test_ng_data_provider.testclass2" time="0.074" errors="0" timestamp="2023-01-18T22:06:29 IST" skipped="0">
  <testcase classname="test_ng_data_provider.testclass2" name="login1" time="0.008"/>
  <system-out/>
  <testcase classname="test_ng_data_provider.testclass2" name="login1" time="0.008"/>
  <system-out/>
  <testcase classname="test_ng_data_provider.testclass2" name="login1" time="0.058"/>
  <system-out/>
</testsuite> <!-- test_ng_data_provider.testclass2 -->
