<?xml version="1.0" encoding="UTF-8"?>
<!-- Generated by org.testng.reporters.JUnitReportReporter -->
<testsuite hostname="DELL" failures="0" tests="5" name="testNG.SAMPLETESTNGCLASS" time="0.087" errors="0" timestamp="2022-11-08T19:56:57 IST" skipped="0">
  <testcase classname="testNG.SAMPLETESTNGCLASS" name="TC3" time="0.007"/>
  <system-out>
    <![CDATA[running of TC3]]>
  </system-out>
  <testcase classname="testNG.SAMPLETESTNGCLASS" name="TC4" time="0.011"/>
  <system-out>
    <![CDATA[running of TC4]]>
  </system-out>
  <testcase classname="testNG.SAMPLETESTNGCLASS" name="TC1" time="0.011"/>
  <system-out>
    <![CDATA[running of TC1]]>
  </system-out>
  <testcase classname="testNG.SAMPLETESTNGCLASS" name="TC0" time="0.051"/>
  <system-out/>
  <testcase classname="testNG.SAMPLETESTNGCLASS" name="TC2" time="0.007"/>
  <system-out>
    <![CDATA[running of TC2]]>
  </system-out>
</testsuite> <!-- testNG.SAMPLETESTNGCLASS -->
