<?xml version="1.0" encoding="UTF-8"?>
<!-- Generated by org.testng.reporters.JUnitReportReporter -->
<testsuite hostname="DELL" failures="0" tests="2" name="test_ng_compatibilitytesting.egcomp2" time="75.414" errors="0" timestamp="2022-11-10T18:27:50 IST" skipped="0">
  <testcase classname="test_ng_compatibilitytesting.egcomp2" name="TC01" time="31.575"/>
  <system-out/>
  <testcase classname="test_ng_compatibilitytesting.egcomp2" name="TC01" time="43.839"/>
  <system-out/>
</testsuite> <!-- test_ng_compatibilitytesting.egcomp2 -->
